StreamService/build/outputs/logs/manifest-merger-debug-report.txt
-- Merging decision tree log ---
manifest
ADDED from src/main/AndroidManifest.xml:1:1-28:12
INJECTED from src/main/AndroidManifest.xml:1:1-28:12
INJECTED from src/main/AndroidManifest.xml:1:1-28:12
INJECTED from src/main/AndroidManifest.xml:1:1-28:12
INJECTED from src/main/AndroidManifest.xml:1:1-28:12
INJECTED from src/main/AndroidManifest.xml:1:1-28:12
INJECTED from src/main/AndroidManifest.xml:1:1-28:12
	package
		ADDED from src/main/AndroidManifest.xml:1:11-37
		INJECTED from src/main/AndroidManifest.xml
		INJECTED from src/main/AndroidManifest.xml
	android:versionName
		INJECTED from src/main/AndroidManifest.xml
		ADDED from src/main/AndroidManifest.xml:1:1-28:12
		INJECTED from src/main/AndroidManifest.xml
	android:versionCode
		INJECTED from src/main/AndroidManifest.xml
		ADDED from src/main/AndroidManifest.xml:1:1-28:12
		INJECTED from src/main/AndroidManifest.xml
	xmlns:android
		ADDED from src/main/AndroidManifest.xml:2:11-69
uses-permission#android.permission.SYSTEM_ALERT_WINDOW
ADDED from src/main/AndroidManifest.xml:4:5-78
	android:name
		ADDED from src/main/AndroidManifest.xml:4:22-75
uses-permission#android.permission.ACTION_MANAGE_OVERLAY_PERMISSION
ADDED from src/main/AndroidManifest.xml:5:5-90
	android:name
		ADDED from src/main/AndroidManifest.xml:5:22-88
uses-permission#android.permission.INTERNET
ADDED from src/main/AndroidManifest.xml:6:5-67
	android:name
		ADDED from src/main/AndroidManifest.xml:6:22-64
uses-permission#android.permission.ACCESS_NETWORK_STATE
ADDED from src/main/AndroidManifest.xml:7:5-78
	android:name
		ADDED from src/main/AndroidManifest.xml:7:22-76
uses-permission#android.permission.FOREGROUND_SERVICE
ADDED from src/main/AndroidManifest.xml:8:5-76
	android:name
		ADDED from src/main/AndroidManifest.xml:8:22-74
uses-feature#0x00020000
ADDED from src/main/AndroidManifest.xml:9:5-78
	android:glEsVersion
		ADDED from src/main/AndroidManifest.xml:9:19-51
	android:required
		ADDED from src/main/AndroidManifest.xml:9:52-75
application
ADDED from src/main/AndroidManifest.xml:11:5-26:19
	android:supportsRtl
		ADDED from src/main/AndroidManifest.xml:13:18-44
	android:label
		ADDED from src/main/AndroidManifest.xml:12:18-50
	android:allowBackup
		ADDED from src/main/AndroidManifest.xml:11:18-44
activity#net.xvis.display.PermissionActivity
ADDED from src/main/AndroidManifest.xml:14:9-18:20
	android:launchMode
		ADDED from src/main/AndroidManifest.xml:17:13-44
	android:theme
		ADDED from src/main/AndroidManifest.xml:16:13-72
	android:name
		ADDED from src/main/AndroidManifest.xml:15:13-63
service#net.xvis.display.VirtualDisplayService
ADDED from src/main/AndroidManifest.xml:20:9-24:87
	android:enabled
		ADDED from src/main/AndroidManifest.xml:22:13-35
	android:exported
		ADDED from src/main/AndroidManifest.xml:23:13-36
	android:permission
		ADDED from src/main/AndroidManifest.xml:24:13-85
	android:name
		ADDED from src/main/AndroidManifest.xml:21:13-66
uses-sdk
INJECTED from src/main/AndroidManifest.xml reason: use-sdk injection requested
INJECTED from src/main/AndroidManifest.xml
INJECTED from src/main/AndroidManifest.xml
INJECTED from src/main/AndroidManifest.xml
INJECTED from src/main/AndroidManifest.xml
	android:targetSdkVersion
		INJECTED from src/main/AndroidManifest.xml
		ADDED from src/main/AndroidManifest.xml
		INJECTED from src/main/AndroidManifest.xml
	android:minSdkVersion
		INJECTED from src/main/AndroidManifest.xml
		ADDED from src/main/AndroidManifest.xml
		INJECTED from src/main/AndroidManifest.xml